<?xml version="1.0" encoding="UTF-8"?>
<!-- Generated by org.testng.reporters.JUnitReportReporter -->
<testsuite skipped="0" hostname="one_Click" name="runner.Testrunner" tests="4" failures="0" timestamp="2021-04-14T13:06:13 EET" time="243.636" errors="0">
  <testcase name="feature" time="50.688" classname="runner.Testrunner"/>
  <system-out/>
  <testcase name="feature" time="92.002" classname="runner.Testrunner"/>
  <system-out/>
  <testcase name="feature" time="40.239" classname="runner.Testrunner"/>
  <system-out/>
  <testcase name="feature" time="60.707" classname="runner.Testrunner"/>
  <system-out/>
</testsuite> <!-- runner.Testrunner -->
