<?xml version="1.0" encoding="UTF-8"?>
<!-- Generated by org.testng.reporters.JUnitReportReporter -->
<testsuite skipped="0" hostname="one_Click" name="tests.registerpagetest" tests="1" failures="0" timestamp="2021-04-05T20:09:21 EET" time="55.049" errors="0">
  <testcase name="usercanregister" time="55.049" classname="tests.registerpagetest"/>
  <system-out/>
</testsuite> <!-- tests.registerpagetest -->
