<?xml version="1.0" encoding="UTF-8"?>
<!-- Generated by org.testng.reporters.JUnitReportReporter -->
<testsuite skipped="0" hostname="one_Click" name="tests.Sendfriendtest" tests="1" failures="0" timestamp="2021-04-14T12:41:15 EET" time="38.600" errors="0">
  <testcase name="user_send_friend" time="38.600" classname="tests.Sendfriendtest"/>
  <system-out/>
</testsuite> <!-- tests.Sendfriendtest -->
